2022-11-11 17:37:05,432 INFO org.springframework.boot.StartupInfoLogger [main] Starting SpringCucumberApplication on DESKTOP-D8D7CT8 with PID 17200 (C:\Users\Uttam\eclipse-workspace\Rest-Calculator-API\target\classes started by Uttam in C:\Users\Uttam\eclipse-workspace\Rest-Calculator-API)
2022-11-11 17:37:05,438 DEBUG org.springframework.boot.StartupInfoLogger [main] Running with Spring Boot v2.1.6.RELEASE, Spring v5.1.8.RELEASE
2022-11-11 17:37:05,439 INFO org.springframework.boot.SpringApplication [main] No active profile set, falling back to default profiles: default
2022-11-11 17:37:06,319 INFO org.springframework.boot.web.embedded.tomcat.TomcatWebServer [main] Tomcat initialized with port(s): 8087 (http)
2022-11-11 17:37:06,334 INFO org.apache.juli.logging.DirectJDKLog [main] Initializing ProtocolHandler ["http-nio-8087"]
2022-11-11 17:37:06,345 INFO org.apache.juli.logging.DirectJDKLog [main] Starting service [Tomcat]
2022-11-11 17:37:06,345 INFO org.apache.juli.logging.DirectJDKLog [main] Starting Servlet engine: [Apache Tomcat/9.0.21]
2022-11-11 17:37:06,445 INFO org.apache.juli.logging.DirectJDKLog [main] Initializing Spring embedded WebApplicationContext
2022-11-11 17:37:06,446 INFO org.springframework.boot.web.servlet.context.ServletWebServerApplicationContext [main] Root WebApplicationContext: initialization completed in 967 ms
2022-11-11 17:37:06,665 INFO org.springframework.scheduling.concurrent.ExecutorConfigurationSupport [main] Initializing ExecutorService 'applicationTaskExecutor'
2022-11-11 17:37:06,853 INFO org.apache.juli.logging.DirectJDKLog [main] Starting ProtocolHandler ["http-nio-8087"]
2022-11-11 17:37:06,931 INFO org.springframework.boot.web.embedded.tomcat.TomcatWebServer [main] Tomcat started on port(s): 8087 (http) with context path ''
2022-11-11 17:37:06,936 INFO org.springframework.boot.StartupInfoLogger [main] Started SpringCucumberApplication in 1.889 seconds (JVM running for 2.581)
2022-11-11 18:08:35,600 INFO org.springframework.boot.admin.SpringApplicationAdminMXBeanRegistrar$SpringApplicationAdmin [RMI TCP Connection(35)-127.0.0.1] Application shutdown requested.
2022-11-11 18:08:35,603 INFO org.springframework.scheduling.concurrent.ExecutorConfigurationSupport [RMI TCP Connection(35)-127.0.0.1] Shutting down ExecutorService 'applicationTaskExecutor'
2022-11-11 18:26:54,592 INFO org.springframework.boot.StartupInfoLogger [main] Starting SpringCucumberApplication on DESKTOP-D8D7CT8 with PID 5836 (C:\Users\Uttam\eclipse-workspace\Rest-Calculator-API\target\classes started by Uttam in C:\Users\Uttam\eclipse-workspace\Rest-Calculator-API)
2022-11-11 18:26:54,595 DEBUG org.springframework.boot.StartupInfoLogger [main] Running with Spring Boot v2.1.6.RELEASE, Spring v5.1.8.RELEASE
2022-11-11 18:26:54,596 INFO org.springframework.boot.SpringApplication [main] No active profile set, falling back to default profiles: default
2022-11-11 18:26:55,453 INFO org.springframework.boot.web.embedded.tomcat.TomcatWebServer [main] Tomcat initialized with port(s): 8087 (http)
2022-11-11 18:26:55,474 INFO org.apache.juli.logging.DirectJDKLog [main] Initializing ProtocolHandler ["http-nio-8087"]
2022-11-11 18:26:55,485 INFO org.apache.juli.logging.DirectJDKLog [main] Starting service [Tomcat]
2022-11-11 18:26:55,485 INFO org.apache.juli.logging.DirectJDKLog [main] Starting Servlet engine: [Apache Tomcat/9.0.21]
2022-11-11 18:26:55,601 INFO org.apache.juli.logging.DirectJDKLog [main] Initializing Spring embedded WebApplicationContext
2022-11-11 18:26:55,602 INFO org.springframework.boot.web.servlet.context.ServletWebServerApplicationContext [main] Root WebApplicationContext: initialization completed in 967 ms
2022-11-11 18:26:55,799 INFO org.springframework.scheduling.concurrent.ExecutorConfigurationSupport [main] Initializing ExecutorService 'applicationTaskExecutor'
2022-11-11 18:26:55,944 INFO org.apache.juli.logging.DirectJDKLog [main] Starting ProtocolHandler ["http-nio-8087"]
2022-11-11 18:26:56,008 INFO org.springframework.boot.web.embedded.tomcat.TomcatWebServer [main] Tomcat started on port(s): 8087 (http) with context path ''
2022-11-11 18:26:56,019 INFO org.springframework.boot.StartupInfoLogger [main] Started SpringCucumberApplication in 1.776 seconds (JVM running for 2.45)
2022-11-11 18:38:18,293 INFO org.springframework.boot.admin.SpringApplicationAdminMXBeanRegistrar$SpringApplicationAdmin [RMI TCP Connection(15)-127.0.0.1] Application shutdown requested.
2022-11-11 18:38:18,301 INFO org.springframework.scheduling.concurrent.ExecutorConfigurationSupport [RMI TCP Connection(15)-127.0.0.1] Shutting down ExecutorService 'applicationTaskExecutor'
2022-11-11 18:38:32,423 INFO org.springframework.boot.StartupInfoLogger [main] Starting SpringCucumberApplication on DESKTOP-D8D7CT8 with PID 18360 (C:\Users\Uttam\eclipse-workspace\Rest-Calculator-API\target\classes started by Uttam in C:\Users\Uttam\eclipse-workspace\Rest-Calculator-API)
2022-11-11 18:38:32,425 DEBUG org.springframework.boot.StartupInfoLogger [main] Running with Spring Boot v2.1.6.RELEASE, Spring v5.1.8.RELEASE
2022-11-11 18:38:32,426 INFO org.springframework.boot.SpringApplication [main] No active profile set, falling back to default profiles: default
2022-11-11 18:38:33,172 INFO org.springframework.boot.web.embedded.tomcat.TomcatWebServer [main] Tomcat initialized with port(s): 8087 (http)
2022-11-11 18:38:33,192 INFO org.apache.juli.logging.DirectJDKLog [main] Initializing ProtocolHandler ["http-nio-8087"]
2022-11-11 18:38:33,203 INFO org.apache.juli.logging.DirectJDKLog [main] Starting service [Tomcat]
2022-11-11 18:38:33,203 INFO org.apache.juli.logging.DirectJDKLog [main] Starting Servlet engine: [Apache Tomcat/9.0.21]
2022-11-11 18:38:33,290 INFO org.apache.juli.logging.DirectJDKLog [main] Initializing Spring embedded WebApplicationContext
2022-11-11 18:38:33,290 INFO org.springframework.boot.web.servlet.context.ServletWebServerApplicationContext [main] Root WebApplicationContext: initialization completed in 827 ms
2022-11-11 18:38:33,483 INFO org.springframework.scheduling.concurrent.ExecutorConfigurationSupport [main] Initializing ExecutorService 'applicationTaskExecutor'
2022-11-11 18:38:33,638 INFO org.apache.juli.logging.DirectJDKLog [main] Starting ProtocolHandler ["http-nio-8087"]
2022-11-11 18:38:33,695 INFO org.springframework.boot.web.embedded.tomcat.TomcatWebServer [main] Tomcat started on port(s): 8087 (http) with context path ''
2022-11-11 18:38:33,700 INFO org.springframework.boot.StartupInfoLogger [main] Started SpringCucumberApplication in 1.608 seconds (JVM running for 2.185)
