2022-11-18 03:34:30,675 INFO org.springframework.boot.StartupInfoLogger [main] Starting SpringCucumberApplication on DESKTOP-D8D7CT8 with PID 12868 (C:\Users\Uttam\eclipse-workspace\Rest-Calculator-API\target\classes started by Uttam in C:\Users\Uttam\eclipse-workspace\Rest-Calculator-API)
2022-11-18 03:34:30,679 DEBUG org.springframework.boot.StartupInfoLogger [main] Running with Spring Boot v2.1.6.RELEASE, Spring v5.1.8.RELEASE
2022-11-18 03:34:30,680 INFO org.springframework.boot.SpringApplication [main] No active profile set, falling back to default profiles: default
2022-11-18 03:34:31,607 INFO org.springframework.boot.web.embedded.tomcat.TomcatWebServer [main] Tomcat initialized with port(s): 8087 (http)
2022-11-18 03:34:31,626 INFO org.apache.juli.logging.DirectJDKLog [main] Initializing ProtocolHandler ["http-nio-8087"]
2022-11-18 03:34:31,633 INFO org.apache.juli.logging.DirectJDKLog [main] Starting service [Tomcat]
2022-11-18 03:34:31,633 INFO org.apache.juli.logging.DirectJDKLog [main] Starting Servlet engine: [Apache Tomcat/9.0.21]
2022-11-18 03:34:31,705 INFO org.apache.juli.logging.DirectJDKLog [main] Initializing Spring embedded WebApplicationContext
2022-11-18 03:34:31,705 INFO org.springframework.boot.web.servlet.context.ServletWebServerApplicationContext [main] Root WebApplicationContext: initialization completed in 995 ms
2022-11-18 03:34:31,844 INFO org.springframework.scheduling.concurrent.ExecutorConfigurationSupport [main] Initializing ExecutorService 'applicationTaskExecutor'
2022-11-18 03:34:31,958 INFO org.apache.juli.logging.DirectJDKLog [main] Starting ProtocolHandler ["http-nio-8087"]
2022-11-18 03:34:31,994 INFO org.springframework.boot.web.embedded.tomcat.TomcatWebServer [main] Tomcat started on port(s): 8087 (http) with context path ''
2022-11-18 03:34:31,997 INFO org.springframework.boot.StartupInfoLogger [main] Started SpringCucumberApplication in 1.598 seconds (JVM running for 2.364)
2022-11-18 04:21:28,551 INFO org.apache.juli.logging.DirectJDKLog [http-nio-8087-exec-1] Initializing Spring DispatcherServlet 'dispatcherServlet'
2022-11-18 04:21:28,551 INFO org.springframework.web.servlet.FrameworkServlet [http-nio-8087-exec-1] Initializing Servlet 'dispatcherServlet'
2022-11-18 04:21:28,558 INFO org.springframework.web.servlet.FrameworkServlet [http-nio-8087-exec-1] Completed initialization in 7 ms
2022-11-18 04:21:50,279 INFO com.rest.api.calculator.service.RestCalculatorController [http-nio-8087-exec-2] Initially the sum value is : 0.0
2022-11-18 04:21:50,281 DEBUG com.rest.api.calculator.service.RestCalculatorController [http-nio-8087-exec-2] Addition input1 : 1.0
2022-11-18 04:21:50,281 DEBUG com.rest.api.calculator.service.RestCalculatorController [http-nio-8087-exec-2] Addition input2 : 2.0
2022-11-18 04:21:50,281 DEBUG com.rest.api.calculator.service.RestCalculatorController [http-nio-8087-exec-2] Addition sum result : 3.0
2022-11-18 04:23:51,572 INFO org.springframework.boot.admin.SpringApplicationAdminMXBeanRegistrar$SpringApplicationAdmin [RMI TCP Connection(53)-127.0.0.1] Application shutdown requested.
2022-11-18 04:23:51,574 INFO org.springframework.scheduling.concurrent.ExecutorConfigurationSupport [RMI TCP Connection(53)-127.0.0.1] Shutting down ExecutorService 'applicationTaskExecutor'
2022-11-18 04:25:50,880 INFO org.springframework.boot.StartupInfoLogger [main] Starting SpringCucumberApplication on DESKTOP-D8D7CT8 with PID 9416 (C:\Users\Uttam\eclipse-workspace\Rest-Calculator-API\target\classes started by Uttam in C:\Users\Uttam\eclipse-workspace\Rest-Calculator-API)
2022-11-18 04:25:50,885 DEBUG org.springframework.boot.StartupInfoLogger [main] Running with Spring Boot v2.1.6.RELEASE, Spring v5.1.8.RELEASE
2022-11-18 04:25:50,886 INFO org.springframework.boot.SpringApplication [main] No active profile set, falling back to default profiles: default
2022-11-18 04:25:51,938 INFO org.springframework.boot.web.embedded.tomcat.TomcatWebServer [main] Tomcat initialized with port(s): 8087 (http)
2022-11-18 04:25:51,952 INFO org.apache.juli.logging.DirectJDKLog [main] Initializing ProtocolHandler ["http-nio-8087"]
2022-11-18 04:25:51,962 INFO org.apache.juli.logging.DirectJDKLog [main] Starting service [Tomcat]
2022-11-18 04:25:51,962 INFO org.apache.juli.logging.DirectJDKLog [main] Starting Servlet engine: [Apache Tomcat/9.0.21]
2022-11-18 04:25:52,093 INFO org.apache.juli.logging.DirectJDKLog [main] Initializing Spring embedded WebApplicationContext
2022-11-18 04:25:52,094 INFO org.springframework.boot.web.servlet.context.ServletWebServerApplicationContext [main] Root WebApplicationContext: initialization completed in 1175 ms
2022-11-18 04:25:52,245 INFO org.springframework.scheduling.concurrent.ExecutorConfigurationSupport [main] Initializing ExecutorService 'applicationTaskExecutor'
2022-11-18 04:25:52,371 INFO org.apache.juli.logging.DirectJDKLog [main] Starting ProtocolHandler ["http-nio-8087"]
2022-11-18 04:25:52,398 INFO org.springframework.boot.web.embedded.tomcat.TomcatWebServer [main] Tomcat started on port(s): 8087 (http) with context path ''
2022-11-18 04:25:52,401 INFO org.springframework.boot.StartupInfoLogger [main] Started SpringCucumberApplication in 1.872 seconds (JVM running for 4.412)
2022-11-18 04:30:05,960 INFO org.apache.juli.logging.DirectJDKLog [http-nio-8087-exec-1] Initializing Spring DispatcherServlet 'dispatcherServlet'
2022-11-18 04:30:05,961 INFO org.springframework.web.servlet.FrameworkServlet [http-nio-8087-exec-1] Initializing Servlet 'dispatcherServlet'
2022-11-18 04:30:05,971 INFO org.springframework.web.servlet.FrameworkServlet [http-nio-8087-exec-1] Completed initialization in 8 ms
2022-11-18 04:30:06,009 INFO com.rest.api.calculator.service.RestCalculatorController [http-nio-8087-exec-1] Initially the sum value is : 0.0
2022-11-18 04:30:06,012 DEBUG com.rest.api.calculator.service.RestCalculatorController [http-nio-8087-exec-1] Addition input1 : 1.0
2022-11-18 04:30:06,012 DEBUG com.rest.api.calculator.service.RestCalculatorController [http-nio-8087-exec-1] Addition input2 : 7.0
2022-11-18 04:30:06,012 DEBUG com.rest.api.calculator.service.RestCalculatorController [http-nio-8087-exec-1] Addition sum result : 8.0
2022-11-18 04:30:33,854 INFO com.rest.api.calculator.service.RestCalculatorController [http-nio-8087-exec-2] Initially the diff value is : 0.0
2022-11-18 04:30:33,856 DEBUG com.rest.api.calculator.service.RestCalculatorController [http-nio-8087-exec-2] Subtraction input1 : 6.0
2022-11-18 04:30:33,857 DEBUG com.rest.api.calculator.service.RestCalculatorController [http-nio-8087-exec-2] Subtraction input2 : 5.0
2022-11-18 04:30:33,858 DEBUG com.rest.api.calculator.service.RestCalculatorController [http-nio-8087-exec-2] Subtraction difference result : 1.0
2022-11-18 04:30:51,740 INFO com.rest.api.calculator.service.RestCalculatorController [http-nio-8087-exec-3] Initially the division value is : 0.0
2022-11-18 04:30:51,742 DEBUG com.rest.api.calculator.service.RestCalculatorController [http-nio-8087-exec-3] Division input1 : 9.0
2022-11-18 04:30:51,743 DEBUG com.rest.api.calculator.service.RestCalculatorController [http-nio-8087-exec-3] Division input2 : 3.0
2022-11-18 04:30:51,743 DEBUG com.rest.api.calculator.service.RestCalculatorController [http-nio-8087-exec-3] Division result : 3.0
2022-11-18 04:31:27,728 INFO com.rest.api.calculator.service.RestCalculatorController [http-nio-8087-exec-4] Initially the diff value is : 0.0
2022-11-18 04:31:27,729 DEBUG com.rest.api.calculator.service.RestCalculatorController [http-nio-8087-exec-4] Multiplication input1 : 8.0
2022-11-18 04:31:27,729 DEBUG com.rest.api.calculator.service.RestCalculatorController [http-nio-8087-exec-4] Multiplication input2 : 4.0
2022-11-18 04:31:27,730 DEBUG com.rest.api.calculator.service.RestCalculatorController [http-nio-8087-exec-4] Multiplication product result : 32.0
2022-11-18 18:45:39,754 INFO org.springframework.boot.StartupInfoLogger [main] Starting SpringCucumberApplication on DESKTOP-D8D7CT8 with PID 5484 (C:\Users\Uttam\eclipse-workspace\Rest-Calculator-API\target\classes started by Uttam in C:\Users\Uttam\eclipse-workspace\Rest-Calculator-API)
2022-11-18 18:45:39,758 DEBUG org.springframework.boot.StartupInfoLogger [main] Running with Spring Boot v2.1.6.RELEASE, Spring v5.1.8.RELEASE
2022-11-18 18:45:39,758 INFO org.springframework.boot.SpringApplication [main] No active profile set, falling back to default profiles: default
2022-11-18 18:45:40,800 INFO org.springframework.boot.web.embedded.tomcat.TomcatWebServer [main] Tomcat initialized with port(s): 8087 (http)
2022-11-18 18:45:40,813 INFO org.apache.juli.logging.DirectJDKLog [main] Initializing ProtocolHandler ["http-nio-8087"]
2022-11-18 18:45:40,822 INFO org.apache.juli.logging.DirectJDKLog [main] Starting service [Tomcat]
2022-11-18 18:45:40,822 INFO org.apache.juli.logging.DirectJDKLog [main] Starting Servlet engine: [Apache Tomcat/9.0.21]
2022-11-18 18:45:40,983 INFO org.apache.juli.logging.DirectJDKLog [main] Initializing Spring embedded WebApplicationContext
2022-11-18 18:45:40,984 INFO org.springframework.boot.web.servlet.context.ServletWebServerApplicationContext [main] Root WebApplicationContext: initialization completed in 1181 ms
2022-11-18 18:45:41,166 INFO org.springframework.scheduling.concurrent.ExecutorConfigurationSupport [main] Initializing ExecutorService 'applicationTaskExecutor'
2022-11-18 18:45:41,333 INFO org.apache.juli.logging.DirectJDKLog [main] Starting ProtocolHandler ["http-nio-8087"]
2022-11-18 18:45:41,344 ERROR org.apache.juli.logging.DirectJDKLog [main] Failed to start component [Connector[HTTP/1.1-8087]]
org.apache.catalina.LifecycleException: Protocol handler start failed
	at org.apache.catalina.connector.Connector.startInternal(Connector.java:1008)
	at org.apache.catalina.util.LifecycleBase.start(LifecycleBase.java:183)
	at org.apache.catalina.core.StandardService.addConnector(StandardService.java:227)
	at org.springframework.boot.web.embedded.tomcat.TomcatWebServer.addPreviouslyRemovedConnectors(TomcatWebServer.java:263)
	at org.springframework.boot.web.embedded.tomcat.TomcatWebServer.start(TomcatWebServer.java:195)
	at org.springframework.boot.web.servlet.context.ServletWebServerApplicationContext.startWebServer(ServletWebServerApplicationContext.java:296)
	at org.springframework.boot.web.servlet.context.ServletWebServerApplicationContext.finishRefresh(ServletWebServerApplicationContext.java:162)
	at org.springframework.context.support.AbstractApplicationContext.refresh(AbstractApplicationContext.java:552)
	at org.springframework.boot.web.servlet.context.ServletWebServerApplicationContext.refresh(ServletWebServerApplicationContext.java:140)
	at org.springframework.boot.SpringApplication.refresh(SpringApplication.java:742)
	at org.springframework.boot.SpringApplication.refreshContext(SpringApplication.java:389)
	at org.springframework.boot.SpringApplication.run(SpringApplication.java:311)
	at org.springframework.boot.SpringApplication.run(SpringApplication.java:1213)
	at org.springframework.boot.SpringApplication.run(SpringApplication.java:1202)
	at com.rest.api.calculator.SpringCucumberApplication.main(SpringCucumberApplication.java:20)
	at sun.reflect.NativeMethodAccessorImpl.invoke0(Native Method)
	at sun.reflect.NativeMethodAccessorImpl.invoke(NativeMethodAccessorImpl.java:62)
	at sun.reflect.DelegatingMethodAccessorImpl.invoke(DelegatingMethodAccessorImpl.java:43)
	at java.lang.reflect.Method.invoke(Method.java:498)
	at org.springframework.boot.maven.AbstractRunMojo$LaunchRunner.run(AbstractRunMojo.java:542)
	at java.lang.Thread.run(Thread.java:748)
Caused by: java.net.BindException: Address already in use: bind
	at sun.nio.ch.Net.bind0(Native Method)
	at sun.nio.ch.Net.bind(Net.java:433)
	at sun.nio.ch.Net.bind(Net.java:425)
	at sun.nio.ch.ServerSocketChannelImpl.bind(ServerSocketChannelImpl.java:223)
	at sun.nio.ch.ServerSocketAdaptor.bind(ServerSocketAdaptor.java:74)
	at org.apache.tomcat.util.net.NioEndpoint.initServerSocket(NioEndpoint.java:230)
	at org.apache.tomcat.util.net.NioEndpoint.bind(NioEndpoint.java:213)
	at org.apache.tomcat.util.net.AbstractEndpoint.bindWithCleanup(AbstractEndpoint.java:1124)
	at org.apache.tomcat.util.net.AbstractEndpoint.start(AbstractEndpoint.java:1210)
	at org.apache.coyote.AbstractProtocol.start(AbstractProtocol.java:585)
	at org.apache.catalina.connector.Connector.startInternal(Connector.java:1005)
	... 20 common frames omitted
2022-11-18 18:45:41,349 INFO org.apache.juli.logging.DirectJDKLog [main] Pausing ProtocolHandler ["http-nio-8087"]
2022-11-18 18:45:41,349 INFO org.apache.juli.logging.DirectJDKLog [main] Stopping service [Tomcat]
2022-11-18 18:45:41,356 INFO org.apache.juli.logging.DirectJDKLog [main] The stop() method was called on component [StandardServer[-1]] after stop() had already been called. The second call will be ignored.
2022-11-18 18:45:41,356 INFO org.apache.juli.logging.DirectJDKLog [main] Stopping ProtocolHandler ["http-nio-8087"]
2022-11-18 18:45:41,357 INFO org.apache.juli.logging.DirectJDKLog [main] Destroying ProtocolHandler ["http-nio-8087"]
2022-11-18 18:45:41,360 INFO org.springframework.boot.autoconfigure.logging.ConditionEvaluationReportLoggingListener [main] 

Error starting ApplicationContext. To display the conditions report re-run your application with 'debug' enabled.
2022-11-18 18:45:41,361 ERROR org.springframework.boot.diagnostics.LoggingFailureAnalysisReporter [main] 

***************************
APPLICATION FAILED TO START
***************************

Description:

The Tomcat connector configured to listen on port 8087 failed to start. The port may already be in use or the connector may be misconfigured.

Action:

Verify the connector's configuration, identify and stop any process that's listening on port 8087, or configure this application to listen on another port.

2022-11-18 18:45:41,363 INFO org.springframework.scheduling.concurrent.ExecutorConfigurationSupport [main] Shutting down ExecutorService 'applicationTaskExecutor'
2022-11-18 18:49:11,077 INFO com.rest.api.calculator.service.RestCalculatorController [http-nio-8087-exec-5] Initially the sum value is : 0.0
2022-11-18 18:49:11,103 DEBUG com.rest.api.calculator.service.RestCalculatorController [http-nio-8087-exec-5] Addition input1 : 1.0
2022-11-18 18:49:11,105 DEBUG com.rest.api.calculator.service.RestCalculatorController [http-nio-8087-exec-5] Addition input2 : 4.0
2022-11-18 18:49:11,106 DEBUG com.rest.api.calculator.service.RestCalculatorController [http-nio-8087-exec-5] Addition sum result : 5.0
2022-11-18 18:50:44,910 INFO org.springframework.boot.StartupInfoLogger [main] Starting SpringCucumberApplication on DESKTOP-D8D7CT8 with PID 108 (C:\Users\Uttam\eclipse-workspace\Rest-Calculator-API\target\classes started by Uttam in C:\Users\Uttam\eclipse-workspace\Rest-Calculator-API)
2022-11-18 18:50:44,913 DEBUG org.springframework.boot.StartupInfoLogger [main] Running with Spring Boot v2.1.6.RELEASE, Spring v5.1.8.RELEASE
2022-11-18 18:50:44,914 INFO org.springframework.boot.SpringApplication [main] No active profile set, falling back to default profiles: default
2022-11-18 18:50:45,930 INFO org.springframework.boot.web.embedded.tomcat.TomcatWebServer [main] Tomcat initialized with port(s): 8087 (http)
2022-11-18 18:50:45,942 INFO org.apache.juli.logging.DirectJDKLog [main] Initializing ProtocolHandler ["http-nio-8087"]
2022-11-18 18:50:45,950 INFO org.apache.juli.logging.DirectJDKLog [main] Starting service [Tomcat]
2022-11-18 18:50:45,951 INFO org.apache.juli.logging.DirectJDKLog [main] Starting Servlet engine: [Apache Tomcat/9.0.21]
2022-11-18 18:50:46,024 INFO org.apache.juli.logging.DirectJDKLog [main] Initializing Spring embedded WebApplicationContext
2022-11-18 18:50:46,025 INFO org.springframework.boot.web.servlet.context.ServletWebServerApplicationContext [main] Root WebApplicationContext: initialization completed in 1082 ms
2022-11-18 18:50:46,200 INFO org.springframework.scheduling.concurrent.ExecutorConfigurationSupport [main] Initializing ExecutorService 'applicationTaskExecutor'
2022-11-18 18:50:46,334 INFO org.apache.juli.logging.DirectJDKLog [main] Starting ProtocolHandler ["http-nio-8087"]
2022-11-18 18:50:46,358 INFO org.springframework.boot.web.embedded.tomcat.TomcatWebServer [main] Tomcat started on port(s): 8087 (http) with context path ''
2022-11-18 18:50:46,361 INFO org.springframework.boot.StartupInfoLogger [main] Started SpringCucumberApplication in 1.793 seconds (JVM running for 3.843)
2022-11-18 18:51:18,744 INFO org.apache.juli.logging.DirectJDKLog [http-nio-8087-exec-1] Initializing Spring DispatcherServlet 'dispatcherServlet'
2022-11-18 18:51:18,745 INFO org.springframework.web.servlet.FrameworkServlet [http-nio-8087-exec-1] Initializing Servlet 'dispatcherServlet'
2022-11-18 18:51:18,750 INFO org.springframework.web.servlet.FrameworkServlet [http-nio-8087-exec-1] Completed initialization in 5 ms
2022-11-18 18:51:18,777 INFO com.rest.api.calculator.service.RestCalculatorController [http-nio-8087-exec-1] Initially the diff value is : 0.0
2022-11-18 18:51:18,779 DEBUG com.rest.api.calculator.service.RestCalculatorController [http-nio-8087-exec-1] Subtraction input1 : 1.0
2022-11-18 18:51:18,780 DEBUG com.rest.api.calculator.service.RestCalculatorController [http-nio-8087-exec-1] Subtraction input2 : 9.0
2022-11-18 18:51:18,781 DEBUG com.rest.api.calculator.service.RestCalculatorController [http-nio-8087-exec-1] Subtraction difference result : -8.0
2022-11-18 18:53:34,040 INFO com.rest.api.calculator.service.RestCalculatorController [http-nio-8087-exec-2] Initially the sum value is : 0.0
2022-11-18 18:53:34,041 DEBUG com.rest.api.calculator.service.RestCalculatorController [http-nio-8087-exec-2] Addition input1 : 7.0
2022-11-18 18:53:34,042 DEBUG com.rest.api.calculator.service.RestCalculatorController [http-nio-8087-exec-2] Addition input2 : 4.0
2022-11-18 18:53:34,042 DEBUG com.rest.api.calculator.service.RestCalculatorController [http-nio-8087-exec-2] Addition sum result : 11.0
